Score: 6 / 8

The three R's are Reduce, ________, Recycle
  a. Reuse
  b. Replace
  c. Refuse
  d. Renew

Your answer: a
Correct answer: a

----------

Natural resources are made without ________ intervention.
  a. human
  b. geological
  c. divine
  d. much

Your answer: a
Correct answer: a

----------

Which resources are particularly prone to exploitation?
  a. Wood and timber
  b. Petroleum and oil
  c. Freshwater
  d. Litium metal

Your answer: d
Correct answer: d

----------

Which of the following do natural resources *not* come from?
  a. The air
  b. Whole Foods Market
  c. Asteroids
  d. An oil field

Your answer: b
Correct answer: b

----------

True or False: Everything manmade can be traced back to natural resources
  a. True
  b. False

Your answer: a
Correct answer: a

----------

True or False: The best way to overcome reliance on non-renewables is to use up the rest
  a. True
  b. False

Your answer: a
Correct answer: b

----------

Deforestation can release carbon dioxide into the air, accelerating ________.
  a. Carbonation
  b. Climate change
  c. Quantielectromolecularifeline Tunnelling
  d. Precipitation

Your answer: b
Correct answer: b

----------

Why should we care about natural resources? (Enter 3 answers)
  a. Profits
  b. Climate change
  c. Technological advancements
  d. Unsustainability
  e. The long term economy

Your answer: bce
Correct answer: bcd

----------

